2023-01-05-11:11:29 INFO  configureExtentReport(): success
2023-01-05-11:11:29 INFO  setUp(): success
2023-01-05-11:11:29 INFO  setDriver(): Initiated
2023-01-05-11:11:29 INFO  setDriver(): Initiated
2023-01-05-11:11:29 INFO  setDriver(): Initiated
2023-01-05-11:11:29 INFO  getBrowserType(): Initiated
2023-01-05-11:11:29 INFO  getBrowserType(): Initiated
2023-01-05-11:11:29 INFO  getBrowserType(): Initiated
2023-01-05-11:11:30 INFO  getBrowserType(): Chromedriver setup complete
2023-01-05-11:11:30 INFO  getBrowserType(): Chromedriver setup complete
2023-01-05-11:11:30 INFO  getBrowserType(): Chromedriver setup complete
2023-01-05-11:11:40 INFO  getBrowserType(): Chromedriver configured
2023-01-05-11:11:40 INFO  getBrowserType(): Chromedriver configured
2023-01-05-11:11:40 INFO  getBrowserType(): Chromedriver configured
2023-01-05-11:11:40 INFO  started test loginErrorMsg_TC01
2023-01-05-11:11:50 INFO  username is visible
2023-01-05-11:11:54 INFO  username is entered as jul22.mithun@ta.com
2023-01-05-11:12:09 INFO  ending test loginErrorMsg_TC01
2023-01-05-11:12:13 INFO  removeDriver(): success
2023-01-05-11:12:13 INFO  setDriver(): Initiated
2023-01-05-11:12:13 INFO  getBrowserType(): Initiated
2023-01-05-11:12:13 INFO  getBrowserType(): Chromedriver setup complete
2023-01-05-11:12:15 INFO  removeDriver(): success
2023-01-05-11:12:17 INFO  getBrowserType(): Chromedriver configured
2023-01-05-11:12:21 INFO  username is visible
2023-01-05-11:12:23 INFO  username is entered as jul22.mithun@ta.com
2023-01-05-11:12:27 INFO  password is entered as Honda8511
2023-01-05-11:12:29 INFO  removeDriver(): success
2023-01-05-11:13:41 INFO  removeDriver(): success
2023-01-05-11:13:43 INFO  tearDown(): success
